[Function:(file : String) -> Bool]
	[Arg:String] [Local file(2893371):String]
	[Block:Dynamic]
		[Return:Dynamic]
			[Call:Bool]
				[Field:(a0 : String) -> Bool]
					[TypeExpr ocaml.Sys:Class<ocaml.Sys>]
					[FStatic:(a0 : String) -> Bool]
						ocaml.Sys
						file_exists:(a0 : String) -> Bool
				[Local file(2893371):String:String][Function:(path : String) -> Void]
	[Arg:String] [Local path(2893372):String]
	[Block:Void]
		[Call:Void]
			[Field:(a0 : String, a1 : Int) -> Void]
				[TypeExpr ocaml.Sys:Class<ocaml.Sys>]
				[FStatic:(a0 : String, a1 : Int) -> Void]
					ocaml.Sys
					mkdir:(a0 : String, a1 : Int) -> Void
			[Local path(2893372):String:String]
			[Const:Int] 0[Function:(dir : String) -> Void]
	[Arg:String] [Local dir(2893373):String]
	[Block:Void]
		[Call:Void]
			[Field:(a0 : String) -> Void]
				[TypeExpr ocaml.Sys:Class<ocaml.Sys>]
				[FStatic:(a0 : String) -> Void]
					ocaml.Sys
					rmdir:(a0 : String) -> Void
			[Local dir(2893373):String:String][Function:(file : String) -> Void]
	[Arg:String] [Local file(2893374):String]
	[Block:Void]
		[Call:Void]
			[Field:(a0 : String) -> Void]
				[TypeExpr ocaml.Sys:Class<ocaml.Sys>]
				[FStatic:(a0 : String) -> Void]
					ocaml.Sys
					remove:(a0 : String) -> Void
			[Local file(2893374):String:String][Function:(relPath : String) -> String]
	[Arg:String] [Local relPath(2893375):String]
	[Block:Dynamic]
		[Return:Dynamic]
			[Binop:String]
				[Binop:String]
					[Field:String]
						[TypeExpr ocaml.Sys:Class<ocaml.Sys>]
						[FStatic:String]
							ocaml.Sys
							executable_name:String
					+
					[Const:String] "/"
				+
				[Local relPath(2893375):String:String][Function:(path : String) -> Bool]
	[Arg:String] [Local path(2893376):String]
	[Block:Dynamic]
		[Return:Dynamic]
			[Call:Bool]
				[Field:(a0 : String) -> Bool]
					[TypeExpr ocaml.Sys:Class<ocaml.Sys>]
					[FStatic:(a0 : String) -> Bool]
						ocaml.Sys
						is_directory:(a0 : String) -> Bool
				[Local path(2893376):String:String][Function:(path : String) -> ocaml.OCamlArray<String>]
	[Arg:String] [Local path(2893377):String]
	[Block:Dynamic]
		[Return:Dynamic]
			[Call:ocaml.OCamlArray<String>]
				[Field:(a0 : String) -> ocaml.OCamlArray<String>]
					[TypeExpr ocaml.Sys:Class<ocaml.Sys>]
					[FStatic:(a0 : String) -> ocaml.OCamlArray<String>]
						ocaml.Sys
						readdir:(a0 : String) -> ocaml.OCamlArray<String>
				[Local path(2893377):String:String][Function:(path : String, newPath : String) -> Void]
	[Arg:String] [Local path(2893378):String]
	[Arg:String] [Local newPath(2893379):String]
	[Block:Void]
		[Call:Void]
			[Field:(a0 : String, a1 : String) -> Void]
				[TypeExpr ocaml.Sys:Class<ocaml.Sys>]
				[FStatic:(a0 : String, a1 : String) -> Void]
					ocaml.Sys
					rename:(a0 : String, a1 : String) -> Void
			[Local path(2893378):String:String]
			[Local newPath(2893379):String:String]