[Function:(path : String) -> ocaml.Buffer_T]
	[Arg:String] [Local path(1365287):String]
	[Block:Dynamic]
		[Var input(1365288):ocaml.Stdlib_In_channel]
			[Call:ocaml.Stdlib_In_channel]
				[Field:(a0 : String) -> ocaml.Stdlib_In_channel]
					[TypeExpr ocaml.Stdlib:Class<ocaml.Stdlib>]
					[FStatic:(a0 : String) -> ocaml.Stdlib_In_channel]
						ocaml.Stdlib
						open_in:(a0 : String) -> ocaml.Stdlib_In_channel
				[Local path(1365287):String:String]
		[Var len(1365289):Int]
			[Call:Int]
				[Field:(a0 : ocaml.Stdlib_In_channel) -> Int]
					[TypeExpr ocaml.Stdlib:Class<ocaml.Stdlib>]
					[FStatic:(a0 : ocaml.Stdlib_In_channel) -> Int]
						ocaml.Stdlib
						in_channel_length:(a0 : ocaml.Stdlib_In_channel) -> Int
				[Local input(1365288):ocaml.Stdlib_In_channel:ocaml.Stdlib_In_channel]
		[Var buffer(1365290):ocaml.Buffer_T]
			[Call:ocaml.Buffer_T]
				[Field:(a0 : Int) -> ocaml.Buffer_T]
					[TypeExpr ocaml.Buffer:Class<ocaml.Buffer>]
					[FStatic:(a0 : Int) -> ocaml.Buffer_T]
						ocaml.Buffer
						create:(a0 : Int) -> ocaml.Buffer_T
				[Local len(1365289):Int:Int]
		[Call:Void]
			[Field:(a0 : ocaml.Buffer_T, a1 : Dynamic, a2 : Int) -> Void]
				[TypeExpr ocaml.Buffer:{ Statics ocaml.Buffer }]
				[FStatic:(a0 : ocaml.Buffer_T, a1 : Dynamic, a2 : Int) -> Void]
					ocaml.Buffer
					add_channel:(a0 : ocaml.Buffer_T, a1 : Dynamic, a2 : Int) -> Void
			[Local buffer(1365290):ocaml.Buffer_T:ocaml.Buffer_T]
			[Local input(1365288):ocaml.Stdlib_In_channel:ocaml.Stdlib_In_channel]
			[Local len(1365289):Int:Int]
		[Return:Dynamic] [Local buffer(1365290):ocaml.Buffer_T:ocaml.Buffer_T][Function:(path : String) -> ocaml.Bytes]
	[Arg:String] [Local path(1365291):String]
	[Block:Dynamic]
		[Return:Dynamic]
			[Call:ocaml.Bytes]
				[Field:(a0 : ocaml.Buffer_T) -> ocaml.Bytes]
					[TypeExpr ocaml.Buffer:{ Statics ocaml.Buffer }]
					[FStatic:(a0 : ocaml.Buffer_T) -> ocaml.Bytes]
						ocaml.Buffer
						to_bytes:(a0 : ocaml.Buffer_T) -> ocaml.Bytes
				[Call:ocaml.Buffer_T]
					[Field:(path : String) -> ocaml.Buffer_T]
						[TypeExpr ocaml.lib.File:Class<ocaml.lib.File>]
						[FStatic:(path : String) -> ocaml.Buffer_T]
							ocaml.lib.File
							getBuffer:(path : String) -> ocaml.Buffer_T
					[Local path(1365291):String:String][Function:(path : String) -> String]
	[Arg:String] [Local path(1365292):String]
	[Block:Dynamic]
		[Var data(1365293):String]
			[Call:Dynamic]
				[Field:(a0 : Dynamic) -> Dynamic]
					[TypeExpr ocaml.OCamlStringTools:Class<ocaml.OCamlStringTools>]
					[FStatic:(a0 : Dynamic) -> Dynamic]
						ocaml.OCamlStringTools
						of_seq:(a0 : Dynamic) -> Dynamic
				[Call:Dynamic]
					[Field:(a0 : ocaml.Buffer_T) -> Dynamic]
						[TypeExpr ocaml.Buffer:Class<ocaml.Buffer>]
						[FStatic:(a0 : ocaml.Buffer_T) -> Dynamic]
							ocaml.Buffer
							to_seq:(a0 : ocaml.Buffer_T) -> Dynamic
					[Call:ocaml.Buffer_T]
						[Field:(path : String) -> ocaml.Buffer_T]
							[TypeExpr ocaml.lib.File:Class<ocaml.lib.File>]
							[FStatic:(path : String) -> ocaml.Buffer_T]
								ocaml.lib.File
								getBuffer:(path : String) -> ocaml.Buffer_T
						[Local path(1365292):String:String]
		[Return:Dynamic] [Local data(1365293):String:String][Function:(path : String, bytes : ocaml.Bytes) -> Void]
	[Arg:String] [Local path(1365294):String]
	[Arg:ocaml.Bytes] [Local bytes(1365295):ocaml.Bytes]
	[Block:Void]
		[Var out(1365296):ocaml.Stdlib_Out_channel]
			[Call:ocaml.Stdlib_Out_channel]
				[Field:(a0 : String) -> ocaml.Stdlib_Out_channel]
					[TypeExpr ocaml.Stdlib:Class<ocaml.Stdlib>]
					[FStatic:(a0 : String) -> ocaml.Stdlib_Out_channel]
						ocaml.Stdlib
						open_out:(a0 : String) -> ocaml.Stdlib_Out_channel
				[Local path(1365294):String:String]
		[Call:Void]
			[Field:(a0 : ocaml.Stdlib_Out_channel, a1 : ocaml.Bytes) -> Void]
				[TypeExpr ocaml.Stdlib:Class<ocaml.Stdlib>]
				[FStatic:(a0 : ocaml.Stdlib_Out_channel, a1 : ocaml.Bytes) -> Void]
					ocaml.Stdlib
					output_bytes:(a0 : ocaml.Stdlib_Out_channel, a1 : ocaml.Bytes) -> Void
			[Local out(1365296):ocaml.Stdlib_Out_channel:ocaml.Stdlib_Out_channel]
			[Local bytes(1365295):ocaml.Bytes:ocaml.Bytes]
		[Call:Void]
			[Field:(a0 : ocaml.Stdlib_Out_channel) -> Void]
				[TypeExpr ocaml.Stdlib:Class<ocaml.Stdlib>]
				[FStatic:(a0 : ocaml.Stdlib_Out_channel) -> Void]
					ocaml.Stdlib
					close_out:(a0 : ocaml.Stdlib_Out_channel) -> Void
			[Local out(1365296):ocaml.Stdlib_Out_channel:ocaml.Stdlib_Out_channel][Function:(srcPath : String, dstPath : String) -> Void]
	[Arg:String] [Local srcPath(1365297):String]
	[Arg:String] [Local dstPath(1365298):String]
	[Block:Void]
		[Var bytes(1365299):ocaml.Bytes]
			[Call:ocaml.Bytes]
				[Field:(path : String) -> ocaml.Bytes]
					[TypeExpr ocaml.lib.File:Class<ocaml.lib.File>]
					[FStatic:(path : String) -> ocaml.Bytes]
						ocaml.lib.File
						getBytes:(path : String) -> ocaml.Bytes
				[Local srcPath(1365297):String:String]
		[Call:Void]
			[Field:(path : String, bytes : ocaml.Bytes) -> Void]
				[TypeExpr ocaml.lib.File:Class<ocaml.lib.File>]
				[FStatic:(path : String, bytes : ocaml.Bytes) -> Void]
					ocaml.lib.File
					saveBytes:(path : String, bytes : ocaml.Bytes) -> Void
			[Local dstPath(1365298):String:String]
			[Local bytes(1365299):ocaml.Bytes:ocaml.Bytes]