[Function:(s : String) -> String]
	[Arg:String] [Local s(611131):String]
	[Block:Dynamic] [Return:Dynamic] [Local s(611131):String:String][Function:() -> Void]
	[Block:Void]
		[Var a(611132):String] [Const:String] "test"
		[Var b(611133):String] [Const:String] "README.md"
		[Var content(611134):String]
			[Call:String]
				[Field:(path : String) -> String]
					[TypeExpr ocaml.lib.File:Class<ocaml.lib.File>]
					[FStatic:(path : String) -> String]
						ocaml.lib.File
						getContent:(path : String) -> String
				[Local b(611133):String:String]
		[Var input(611135):ocaml.InputChannel]
			[Call:ocaml.InputChannel]
				[Field:(path : String) -> ocaml.InputChannel]
					[TypeExpr ocaml.Stdlib:Class<ocaml.Stdlib>]
					[FStatic:(path : String) -> ocaml.InputChannel]
						ocaml.Stdlib
						openInput:(path : String) -> ocaml.InputChannel
				[Local b(611133):String:String]
		[Call:Void]
			[Field:(v : Dynamic, ?infos : Null<haxe.PosInfos>) -> Void]
				[TypeExpr haxe.Log:Class<haxe.Log>]
				[FStatic:(v : Dynamic, ?infos : Null<haxe.PosInfos>) -> Void]
					haxe.Log
					trace:(v : Dynamic, ?infos : Null<haxe.PosInfos>) -> Void
			[Const:String] "HelloWorld:"
			[ObjectDecl:{ methodName : String, lineNumber : Int, fileName : String, customParams : Array<Dynamic>, className : String }]
				fileName: [Const:String] "haxe_test/project/Main.hx"
				lineNumber: [Const:Int] 20
				className: [Const:String] "project.Main"
				methodName: [Const:String] "main"
				customParams: [ArrayDecl:Array<Dynamic>]
					[Call:String]
						[Field:(s : String) -> String]
							[TypeExpr project.Main:Class<project.Main>]
							[FStatic:(s : String) -> String]
								project.Main
								afunc:(s : String) -> String
						[Call:String]
							[Field:(input : ocaml.InputChannel) -> String]
								[TypeExpr ocaml.Stdlib:Class<ocaml.Stdlib>]
								[FStatic:(input : ocaml.InputChannel) -> String]
									ocaml.Stdlib
									inputLine:(input : ocaml.InputChannel) -> String
							[Local input(611135):ocaml.InputChannel:ocaml.InputChannel]
		[Call:Void]
			[Field:(v : Dynamic, ?infos : Null<haxe.PosInfos>) -> Void]
				[TypeExpr haxe.Log:Class<haxe.Log>]
				[FStatic:(v : Dynamic, ?infos : Null<haxe.PosInfos>) -> Void]
					haxe.Log
					trace:(v : Dynamic, ?infos : Null<haxe.PosInfos>) -> Void
			[Const:String] "Goods!"
			[ObjectDecl:{ methodName : String, lineNumber : Int, fileName : String, customParams : Array<Dynamic>, className : String }]
				fileName: [Const:String] "haxe_test/project/Main.hx"
				lineNumber: [Const:Int] 21
				className: [Const:String] "project.Main"
				methodName: [Const:String] "main"
				customParams: [ArrayDecl:Array<Dynamic>] [Local content(611134):String:String]
		[Var array(611136):ocaml.OCamlArray<String>]
			[Field:ocaml.OCamlArray<String>]
				[TypeExpr ocaml.OCamlSys:Class<ocaml.OCamlSys>]
				[FStatic:ocaml.OCamlArray<String>]
					ocaml.OCamlSys
					args:ocaml.OCamlArray<String>
		[Block:Void]
			[Var _g(611139):Int] [Const:Int] 0
			[Var _g1(611140):Array<String>] [Cast:Array<String>] [Local array(611136):ocaml.OCamlArray<String>:ocaml.OCamlArray<String>]
			[While:Void]
				[Parenthesis:Bool]
					[Binop:Bool]
						[Local _g(611139):Int:Int]
						<
						[Field:Int]
							[Local _g1(611140):Array<String>:Array<String>]
							[FInstance:Int]
								Array<String>
								length:Int
				[Block:Void]
					[Var item(611138):String]
						[Array:String]
							[Local _g1(611140):Array<String>:Array<String>]
							[Local _g(611139):Int:Int]
					[Unop:Int]
						++
						Prefix
						[Local _g(611139):Int:Int]
					[Call:Void]
						[Field:(v : Dynamic, ?infos : Null<haxe.PosInfos>) -> Void]
							[TypeExpr haxe.Log:Class<haxe.Log>]
							[FStatic:(v : Dynamic, ?infos : Null<haxe.PosInfos>) -> Void]
								haxe.Log
								trace:(v : Dynamic, ?infos : Null<haxe.PosInfos>) -> Void
						[Local item(611138):String:String]
						[ObjectDecl:{ methodName : String, lineNumber : Int, fileName : String, className : String }]
							fileName: [Const:String] "haxe_test/project/Main.hx"
							lineNumber: [Const:Int] 25
							className: [Const:String] "project.Main"
							methodName: [Const:String] "main"